<?xml version="1.0" encoding="UTF-8"?>
<testng-results skipped="0" failed="0" total="1" passed="1">
  <reporter-output>
  </reporter-output>
  <suite name="Surefire suite" duration-ms="51" started-at="2016-11-26T11:24:14Z" finished-at="2016-11-26T11:24:14Z">
    <groups>
    </groups>
    <test name="Surefire test" duration-ms="51" started-at="2016-11-26T11:24:14Z" finished-at="2016-11-26T11:24:14Z">
      <class name="test.java.NewTest">
        <test-method status="PASS" signature="beforeMethod()[pri:0, instance:test.java.NewTest@2ed94a8b]" name="beforeMethod" is-config="true" duration-ms="15" started-at="2016-11-26T16:54:14Z" finished-at="2016-11-26T16:54:14Z">
          <reporter-output>
          </reporter-output>
        </test-method> <!-- beforeMethod -->
        <test-method status="PASS" signature="f()[pri:0, instance:test.java.NewTest@2ed94a8b]" name="f" duration-ms="1" started-at="2016-11-26T16:54:14Z" finished-at="2016-11-26T16:54:14Z">
          <reporter-output>
          </reporter-output>
        </test-method> <!-- f -->
        <test-method status="PASS" signature="afterMethod()[pri:0, instance:test.java.NewTest@2ed94a8b]" name="afterMethod" is-config="true" duration-ms="1" started-at="2016-11-26T16:54:14Z" finished-at="2016-11-26T16:54:14Z">
          <reporter-output>
          </reporter-output>
        </test-method> <!-- afterMethod -->
      </class> <!-- test.java.NewTest -->
    </test> <!-- Surefire test -->
  </suite> <!-- Surefire suite -->
</testng-results>
